Using pre-set license
Built from '2020.3/staging' branch; Version is '2020.3.29f1 (2ff179115da0) revision 3142009'; Using compiler version '192528614'; Build Type 'Release'
OS: 'Windows 10  (10.0.18362) 64bit Professional' Language: 'en' Physical Memory: 6043 MB
BatchMode: 1, IsHumanControllingUs: 0, StartBugReporterOnCrash: 0, Is64bit: 1, IsPro: 0

COMMAND LINE ARGUMENTS:
C:\Program Files\Unity\Hub\Editor\2020.3.29f1\Editor\Unity.exe
-adb2
-batchMode
-noUpm
-name
AssetImportWorker1
-projectPath
C:/Users/mubarak/Desktop/CMPS 297V Project
-logFile
Logs/AssetImportWorker1.log
-srvPort
62240
Successfully changed project path to: C:/Users/mubarak/Desktop/CMPS 297V Project
C:/Users/mubarak/Desktop/CMPS 297V Project
Using Asset Import Pipeline V2.
Refreshing native plugins compatible for Editor in 52.91 ms, found 2 plugins.
Preloading 0 native plugins for Editor in 0.00 ms.
Initialize engine version: 2020.3.29f1 (2ff179115da0)
[Subsystems] Discovering subsystems at path C:/Program Files/Unity/Hub/Editor/2020.3.29f1/Editor/Data/Resources/UnitySubsystems
[Subsystems] Discovering subsystems at path C:/Users/mubarak/Desktop/CMPS 297V Project/Assets
GfxDevice: creating device client; threaded=0
Direct3D:
    Version:  Direct3D 11.0 [level 11.0]
    Renderer: NVIDIA GeForce GT 630M (ID=0xde9)
    Vendor:   
    VRAM:     1990 MB
    Driver:   23.21.13.9135
Initialize mono
Mono path[0] = 'C:/Program Files/Unity/Hub/Editor/2020.3.29f1/Editor/Data/Managed'
Mono path[1] = 'C:/Program Files/Unity/Hub/Editor/2020.3.29f1/Editor/Data/MonoBleedingEdge/lib/mono/unityjit'
Mono config path = 'C:/Program Files/Unity/Hub/Editor/2020.3.29f1/Editor/Data/MonoBleedingEdge/etc'
Using monoOptions --debugger-agent=transport=dt_socket,embedding=1,server=y,suspend=n,address=127.0.0.1:56100
Begin MonoManager ReloadAssembly
Registering precompiled unity dll's ...
Register platform support module: C:/Program Files/Unity/Hub/Editor/2020.3.29f1/Editor/Data/PlaybackEngines/WebGLSupport/UnityEditor.WebGL.Extensions.dll
Register platform support module: C:/Program Files/Unity/Hub/Editor/2020.3.29f1/Editor/Data/PlaybackEngines/WindowsStandaloneSupport/UnityEditor.WindowsStandalone.Extensions.dll
Registered in 0.003635 seconds.
Native extension for WindowsStandalone target not found
Native extension for WebGL target not found
Refreshing native plugins compatible for Editor in 51.03 ms, found 2 plugins.
Preloading 0 native plugins for Editor in 0.00 ms.
Mono: successfully reloaded assembly
- Completed reload, in  0.897 seconds
Domain Reload Profiling:
	ReloadAssembly (898ms)
		BeginReloadAssembly (103ms)
			ExecutionOrderSort (0ms)
			DisableScriptedObjects (0ms)
			BackupInstance (0ms)
			ReleaseScriptingObjects (0ms)
			CreateAndSetChildDomain (1ms)
		EndReloadAssembly (682ms)
			LoadAssemblies (100ms)
			RebuildTransferFunctionScriptingTraits (0ms)
			SetupTypeCache (237ms)
			ReleaseScriptCaches (0ms)
			RebuildScriptCaches (48ms)
			SetupLoadedEditorAssemblies (248ms)
				LogAssemblyErrors (0ms)
				InitializePlatformSupportModulesInManaged (8ms)
				SetLoadedEditorAssemblies (0ms)
				RefreshPlugins (51ms)
				BeforeProcessingInitializeOnLoad (19ms)
				ProcessInitializeOnLoadAttributes (128ms)
				ProcessInitializeOnLoadMethodAttributes (41ms)
				AfterProcessingInitializeOnLoad (0ms)
				EditorAssembliesLoaded (0ms)
			ExecutionOrderSort2 (0ms)
			AwakeInstancesAfterBackupRestoration (0ms)
Platform modules already initialized, skipping
Registering precompiled user dll's ...
Registered in 0.004435 seconds.
Begin MonoManager ReloadAssembly
Native extension for WindowsStandalone target not found
Native extension for WebGL target not found
Refreshing native plugins compatible for Editor in 0.53 ms, found 2 plugins.
Preloading 0 native plugins for Editor in 0.00 ms.
Mono: successfully reloaded assembly
- Completed reload, in  2.251 seconds
Domain Reload Profiling:
	ReloadAssembly (2252ms)
		BeginReloadAssembly (245ms)
			ExecutionOrderSort (0ms)
			DisableScriptedObjects (8ms)
			BackupInstance (0ms)
			ReleaseScriptingObjects (0ms)
			CreateAndSetChildDomain (27ms)
		EndReloadAssembly (1916ms)
			LoadAssemblies (816ms)
			RebuildTransferFunctionScriptingTraits (0ms)
			SetupTypeCache (388ms)
			ReleaseScriptCaches (1ms)
			RebuildScriptCaches (69ms)
			SetupLoadedEditorAssemblies (514ms)
				LogAssemblyErrors (0ms)
				InitializePlatformSupportModulesInManaged (8ms)
				SetLoadedEditorAssemblies (1ms)
				RefreshPlugins (1ms)
				BeforeProcessingInitializeOnLoad (125ms)
				ProcessInitializeOnLoadAttributes (347ms)
				ProcessInitializeOnLoadMethodAttributes (17ms)
				AfterProcessingInitializeOnLoad (15ms)
				EditorAssembliesLoaded (1ms)
			ExecutionOrderSort2 (0ms)
			AwakeInstancesAfterBackupRestoration (12ms)
Platform modules already initialized, skipping
========================================================================
Worker process is ready to serve import requests
Launched and connected shader compiler UnityShaderCompiler.exe after 0.28 seconds
Refreshing native plugins compatible for Editor in 0.69 ms, found 2 plugins.
Preloading 0 native plugins for Editor in 0.00 ms.
Unloading 1502 Unused Serialized files (Serialized files now loaded: 0)
System memory in use before: 67.4 MB.
System memory in use after: 67.5 MB.

Unloading 16 unused Assets to reduce memory usage. Loaded Objects now: 1937.
Total: 3.681100 ms (FindLiveObjects: 0.161300 ms CreateObjectMapping: 0.084400 ms MarkObjects: 3.328600 ms  DeleteObjects: 0.105300 ms)

AssetImportParameters requested are different than current active one (requested -> active):
  custom:framework-win-MediaFoundation: 216162199b28c13a410421893ffa2e32 -> 
  custom:video-decoder-ogg-theora: a1e56fd34408186e4bbccfd4996cb3dc -> 
  custom:container-muxer-webm: aa71ff27fc2769a1b78a27578f13a17b -> 
  custom:container-demuxer-webm: 4f35f7cbe854078d1ac9338744f61a02 -> 
  custom:container-demuxer-ogg: 62fdf1f143b41e24485cea50d1cbac27 -> 
  custom:video-encoder-webm-vp8: eb34c28f22e8b96e1ab97ce403110664 -> 
  custom:video-decoder-webm-vp8: 9c59270c3fd7afecdb556c50c9e8de78 -> 
  custom:audio-decoder-ogg-vorbis: bf7c407c2cedff20999df2af8eb42d56 -> 
  custom:audio-encoder-webm-vorbis: bf7c407c2cedff20999df2af8eb42d56 -> 
========================================================================
Received Import Request.
  path: Assets/Art/Guns/ar_low.fbx
  artifactKey: Guid(93c67e0af6a94ac4cae1a731d05c3900) Importer(815301076,1909f56bfc062723c751e8b465ee728b)
Start importing Assets/Art/Guns/ar_low.fbx using Guid(93c67e0af6a94ac4cae1a731d05c3900) Importer(815301076,1909f56bfc062723c751e8b465ee728b)  -> (artifact id: '29d8098110dd1870691bc26406735a32') in 1.667259 seconds 
  Import took 1.671256 seconds .

========================================================================
Received Import Request.
  Time since last request: 0.000286 seconds.
  path: Assets/Art/Bot/Textures/Robot_Emission.png
  artifactKey: Guid(8055f13f1dae157478a296d79f188bb4) Importer(815301076,1909f56bfc062723c751e8b465ee728b)
Start importing Assets/Art/Bot/Textures/Robot_Emission.png using Guid(8055f13f1dae157478a296d79f188bb4) Importer(815301076,1909f56bfc062723c751e8b465ee728b)  -> (artifact id: '0363a96e965fe9c959e4046b39d29ca2') in 0.302320 seconds 
  Import took 0.305596 seconds .

========================================================================
Received Import Request.
  Time since last request: 0.000330 seconds.
  path: Assets/Art/Bot/Robot.FBX
  artifactKey: Guid(4587409be6e19304bbecbbd529a9f5b7) Importer(815301076,1909f56bfc062723c751e8b465ee728b)
Start importing Assets/Art/Bot/Robot.FBX using Guid(4587409be6e19304bbecbbd529a9f5b7) Importer(815301076,1909f56bfc062723c751e8b465ee728b)  -> (artifact id: '2ff2528f55b4dfa864362606ea472953') in 1.363304 seconds 
  Import took 1.367600 seconds .

========================================================================
Received Import Request.
  Time since last request: 0.000301 seconds.
  path: Assets/Art/Bot/Textures/Robot_AlbedoTransparency.png
  artifactKey: Guid(41b595e67c71efd44bf61bdfef35088a) Importer(815301076,1909f56bfc062723c751e8b465ee728b)
Start importing Assets/Art/Bot/Textures/Robot_AlbedoTransparency.png using Guid(41b595e67c71efd44bf61bdfef35088a) Importer(815301076,1909f56bfc062723c751e8b465ee728b)  -> (artifact id: '649413c891769b0a783f5d5962a37688') in 0.178803 seconds 
  Import took 0.182142 seconds .

========================================================================
Received Import Request.
  Time since last request: 0.000331 seconds.
  path: Assets/Art/Bot/Textures/Robot_MetallicSmoothness.png
  artifactKey: Guid(931834ae8755bc8478779987ba5dfb6b) Importer(815301076,1909f56bfc062723c751e8b465ee728b)
Start importing Assets/Art/Bot/Textures/Robot_MetallicSmoothness.png using Guid(931834ae8755bc8478779987ba5dfb6b) Importer(815301076,1909f56bfc062723c751e8b465ee728b)  -> (artifact id: 'f3c81cb8edb1989a49ae20d6daca1827') in 0.217747 seconds 
  Import took 0.266110 seconds .

========================================================================
Received Import Request.
  Time since last request: 0.000289 seconds.
  path: Assets/Art/Guns/AR_Low.mat
  artifactKey: Guid(9e02b33cd4df7d74b889c6aae47f2b7c) Importer(815301076,1909f56bfc062723c751e8b465ee728b)
Start importing Assets/Art/Guns/AR_Low.mat using Guid(9e02b33cd4df7d74b889c6aae47f2b7c) Importer(815301076,1909f56bfc062723c751e8b465ee728b)  -> (artifact id: '53056be2899f88461e7fcd2814692529') in 0.107966 seconds 
  Import took 0.111609 seconds .

========================================================================
Received Import Request.
  Time since last request: 0.000373 seconds.
  path: Assets/Art/Bot/Textures/Materials/Robbot_URP_Lit.mat
  artifactKey: Guid(7cd2da6bc5abb0f4b87ce6edcf018607) Importer(815301076,1909f56bfc062723c751e8b465ee728b)
Start importing Assets/Art/Bot/Textures/Materials/Robbot_URP_Lit.mat using Guid(7cd2da6bc5abb0f4b87ce6edcf018607) Importer(815301076,1909f56bfc062723c751e8b465ee728b)  -> (artifact id: 'd5fdf567d980009149a6e1590a19e00c') in 0.027851 seconds 
  Import took 0.030603 seconds .

========================================================================
Received Import Request.
  Time since last request: 100.899992 seconds.
  path: Assets/Prefabs/PLAYER/Robot Player.prefab
  artifactKey: Guid(2cc4d72b1013edf47ae051331e894d5e) Importer(815301076,1909f56bfc062723c751e8b465ee728b)
Start importing Assets/Prefabs/PLAYER/Robot Player.prefab using Guid(2cc4d72b1013edf47ae051331e894d5e) Importer(815301076,1909f56bfc062723c751e8b465ee728b)  -> (artifact id: 'aa77437bd3b5e0338a3eefdd06c1fe12') in 0.425446 seconds 
  Import took 0.432723 seconds .

========================================================================
Received Import Request.
  Time since last request: 813.334974 seconds.
  path: Assets/Art/Bot/Player.controller
  artifactKey: Guid(f2dfacbce326d564d9d55fea59bb721a) Importer(815301076,1909f56bfc062723c751e8b465ee728b)
Start importing Assets/Art/Bot/Player.controller using Guid(f2dfacbce326d564d9d55fea59bb721a) Importer(815301076,1909f56bfc062723c751e8b465ee728b)  -> (artifact id: '64037e7dd42fe341cbcf3879c90fd16d') in 0.072358 seconds 
  Import took 0.076689 seconds .

========================================================================
Received Import Request.
  Time since last request: 33.032531 seconds.
  path: Assets/Art/Bot
  artifactKey: Guid(bfd5ff02795e3504c8f60f88161c858c) Importer(815301076,1909f56bfc062723c751e8b465ee728b)
Start importing Assets/Art/Bot using Guid(bfd5ff02795e3504c8f60f88161c858c) Importer(815301076,1909f56bfc062723c751e8b465ee728b)  -> (artifact id: '03cd1309f646021e35185bf321035e03') in 0.072014 seconds 
  Import took 0.093936 seconds .

========================================================================
Received Import Request.
  Time since last request: 10.728191 seconds.
  path: Assets/Art/Bot/Robot.controller
  artifactKey: Guid(f11920864a7f84945bf61e5466620fc6) Importer(815301076,1909f56bfc062723c751e8b465ee728b)
Start importing Assets/Art/Bot/Robot.controller using Guid(f11920864a7f84945bf61e5466620fc6) Importer(815301076,1909f56bfc062723c751e8b465ee728b)  -> (artifact id: '6962622f88c34b4aa96f93097981c3c1') in 0.004212 seconds 
  Import took 0.051899 seconds .

========================================================================
Received Import Request.
  Time since last request: 39.963918 seconds.
  path: Assets/Art/Bot/Player.controller
  artifactKey: Guid(f11920864a7f84945bf61e5466620fc6) Importer(815301076,1909f56bfc062723c751e8b465ee728b)
Start importing Assets/Art/Bot/Player.controller using Guid(f11920864a7f84945bf61e5466620fc6) Importer(815301076,1909f56bfc062723c751e8b465ee728b)  -> (artifact id: '83fb049bbcce0e550b7c29f3d1e78b4f') in 0.006431 seconds 
  Import took 0.029677 seconds .

